<?xml version="1.0" encoding="UTF-8"?>
<testsuites name="Mocha Tests" time="82.627" tests="5" failures="5">
  <testsuite name="Root Suite" timestamp="2025-05-11T20:11:35" tests="0" file="cypress/e2e/features/assignment_editing.feature" time="0.000" failures="0">
  </testsuite>
  <testsuite name="Assignment Editing and Updating" timestamp="2025-05-11T20:11:35" tests="5" time="82.591" failures="5">
    <testcase name="Assignment Editing and Updating Editing an unpublished assignment" time="0.000" classname="Editing an unpublished assignment">
      <failure message="Timed out retrying after 6050ms: `cy.click()` failed because this element is not visible:

`&lt;div data-testid=&quot;my-schedules-tab&quot;&gt;&lt;/div&gt;`

This element `&lt;div&gt;` is not visible because it has an effective width and height of: `1264 x 0` pixels.

Fix this problem, or use `{force: true}` to disable error checking.

https://on.cypress.io/element-cannot-be-interacted-with" type="CypressError"><![CDATA[CypressError: Timed out retrying after 6050ms: `cy.click()` failed because this element is not visible:

`<div data-testid="my-schedules-tab"></div>`

This element `<div>` is not visible because it has an effective width and height of: `1264 x 0` pixels.

Fix this problem, or use `{force: true}` to disable error checking.

https://on.cypress.io/element-cannot-be-interacted-with
    at runVisibilityCheck (http://localhost:3001/__cypress/runner/cypress_runner.js:144370:58)
    at Object.isStrictlyVisible (http://localhost:3001/__cypress/runner/cypress_runner.js:144384:10)
    at runAllChecks (http://localhost:3001/__cypress/runner/cypress_runner.js:112186:26)
    at retryActionability (http://localhost:3001/__cypress/runner/cypress_runner.js:112254:16)
    at tryCatcher (http://localhost:3001/__cypress/runner/cypress_runner.js:1807:23)
    at Promise.attempt.Promise.try (http://localhost:3001/__cypress/runner/cypress_runner.js:4315:29)
    at whenStable (http://localhost:3001/__cypress/runner/cypress_runner.js:143192:68)
    at <unknown> (http://localhost:3001/__cypress/runner/cypress_runner.js:143133:14)
    at tryCatcher (http://localhost:3001/__cypress/runner/cypress_runner.js:1807:23)
    at Promise._settlePromiseFromHandler (http://localhost:3001/__cypress/runner/cypress_runner.js:1519:31)
    at Promise._settlePromise (http://localhost:3001/__cypress/runner/cypress_runner.js:1576:18)
    at Promise._settlePromise0 (http://localhost:3001/__cypress/runner/cypress_runner.js:1621:10)
    at Promise._settlePromises (http://localhost:3001/__cypress/runner/cypress_runner.js:1701:18)
    at Promise._fulfill (http://localhost:3001/__cypress/runner/cypress_runner.js:1645:18)
    at <unknown> (http://localhost:3001/__cypress/runner/cypress_runner.js:5450:46)
From Your Spec Code:
    at Context.eval (http://localhost:3001/__cypress/tests?p=cypress/e2e/features/assignment_editing.feature:10745:52)
    at Registry.runStepDefininition (http://localhost:3001/__cypress/tests?p=cypress/e2e/features/assignment_editing.feature:9255:48)
    at Object.fn (http://localhost:3001/__cypress/tests?p=cypress/e2e/features/assignment_editing.feature:10156:41)
    at runStepWithLogGroup (http://localhost:3001/__cypress/tests?p=cypress/e2e/features/assignment_editing.feature:9860:36)
    at Context.eval (http://localhost:3001/__cypress/tests?p=cypress/e2e/features/assignment_editing.feature:10153:60)]]></failure>
    </testcase>
    <testcase name="Assignment Editing and Updating Making limited changes to a published assignment" time="0.000" classname="Making limited changes to a published assignment">
      <failure message="Timed out retrying after 6050ms: `cy.click()` failed because this element is not visible:

`&lt;div data-testid=&quot;my-schedules-tab&quot;&gt;&lt;/div&gt;`

This element `&lt;div&gt;` is not visible because it has an effective width and height of: `1264 x 0` pixels.

Fix this problem, or use `{force: true}` to disable error checking.

https://on.cypress.io/element-cannot-be-interacted-with" type="CypressError"><![CDATA[CypressError: Timed out retrying after 6050ms: `cy.click()` failed because this element is not visible:

`<div data-testid="my-schedules-tab"></div>`

This element `<div>` is not visible because it has an effective width and height of: `1264 x 0` pixels.

Fix this problem, or use `{force: true}` to disable error checking.

https://on.cypress.io/element-cannot-be-interacted-with
    at runVisibilityCheck (http://localhost:3001/__cypress/runner/cypress_runner.js:144370:58)
    at Object.isStrictlyVisible (http://localhost:3001/__cypress/runner/cypress_runner.js:144384:10)
    at runAllChecks (http://localhost:3001/__cypress/runner/cypress_runner.js:112186:26)
    at retryActionability (http://localhost:3001/__cypress/runner/cypress_runner.js:112254:16)
    at tryCatcher (http://localhost:3001/__cypress/runner/cypress_runner.js:1807:23)
    at Promise.attempt.Promise.try (http://localhost:3001/__cypress/runner/cypress_runner.js:4315:29)
    at whenStable (http://localhost:3001/__cypress/runner/cypress_runner.js:143192:68)
    at <unknown> (http://localhost:3001/__cypress/runner/cypress_runner.js:143133:14)
    at tryCatcher (http://localhost:3001/__cypress/runner/cypress_runner.js:1807:23)
    at Promise._settlePromiseFromHandler (http://localhost:3001/__cypress/runner/cypress_runner.js:1519:31)
    at Promise._settlePromise (http://localhost:3001/__cypress/runner/cypress_runner.js:1576:18)
    at Promise._settlePromise0 (http://localhost:3001/__cypress/runner/cypress_runner.js:1621:10)
    at Promise._settlePromises (http://localhost:3001/__cypress/runner/cypress_runner.js:1701:18)
    at Promise._fulfill (http://localhost:3001/__cypress/runner/cypress_runner.js:1645:18)
    at <unknown> (http://localhost:3001/__cypress/runner/cypress_runner.js:5450:46)
From Your Spec Code:
    at Context.eval (http://localhost:3001/__cypress/tests?p=cypress/e2e/features/assignment_editing.feature:10745:52)
    at Registry.runStepDefininition (http://localhost:3001/__cypress/tests?p=cypress/e2e/features/assignment_editing.feature:9255:48)
    at Object.fn (http://localhost:3001/__cypress/tests?p=cypress/e2e/features/assignment_editing.feature:10156:41)
    at runStepWithLogGroup (http://localhost:3001/__cypress/tests?p=cypress/e2e/features/assignment_editing.feature:9860:36)
    at Context.eval (http://localhost:3001/__cypress/tests?p=cypress/e2e/features/assignment_editing.feature:10153:60)]]></failure>
    </testcase>
    <testcase name="Assignment Editing and Updating Attempting to reduce deadline of an assignment with submissions" time="0.000" classname="Attempting to reduce deadline of an assignment with submissions">
      <failure message="Timed out retrying after 6050ms: `cy.click()` failed because this element is not visible:

`&lt;div data-testid=&quot;my-schedules-tab&quot;&gt;&lt;/div&gt;`

This element `&lt;div&gt;` is not visible because it has an effective width and height of: `1264 x 0` pixels.

Fix this problem, or use `{force: true}` to disable error checking.

https://on.cypress.io/element-cannot-be-interacted-with" type="CypressError"><![CDATA[CypressError: Timed out retrying after 6050ms: `cy.click()` failed because this element is not visible:

`<div data-testid="my-schedules-tab"></div>`

This element `<div>` is not visible because it has an effective width and height of: `1264 x 0` pixels.

Fix this problem, or use `{force: true}` to disable error checking.

https://on.cypress.io/element-cannot-be-interacted-with
    at runVisibilityCheck (http://localhost:3001/__cypress/runner/cypress_runner.js:144370:58)
    at Object.isStrictlyVisible (http://localhost:3001/__cypress/runner/cypress_runner.js:144384:10)
    at runAllChecks (http://localhost:3001/__cypress/runner/cypress_runner.js:112186:26)
    at retryActionability (http://localhost:3001/__cypress/runner/cypress_runner.js:112254:16)
    at tryCatcher (http://localhost:3001/__cypress/runner/cypress_runner.js:1807:23)
    at Promise.attempt.Promise.try (http://localhost:3001/__cypress/runner/cypress_runner.js:4315:29)
    at whenStable (http://localhost:3001/__cypress/runner/cypress_runner.js:143192:68)
    at <unknown> (http://localhost:3001/__cypress/runner/cypress_runner.js:143133:14)
    at tryCatcher (http://localhost:3001/__cypress/runner/cypress_runner.js:1807:23)
    at Promise._settlePromiseFromHandler (http://localhost:3001/__cypress/runner/cypress_runner.js:1519:31)
    at Promise._settlePromise (http://localhost:3001/__cypress/runner/cypress_runner.js:1576:18)
    at Promise._settlePromise0 (http://localhost:3001/__cypress/runner/cypress_runner.js:1621:10)
    at Promise._settlePromises (http://localhost:3001/__cypress/runner/cypress_runner.js:1701:18)
    at Promise._fulfill (http://localhost:3001/__cypress/runner/cypress_runner.js:1645:18)
    at <unknown> (http://localhost:3001/__cypress/runner/cypress_runner.js:5450:46)
From Your Spec Code:
    at Context.eval (http://localhost:3001/__cypress/tests?p=cypress/e2e/features/assignment_editing.feature:10745:52)
    at Registry.runStepDefininition (http://localhost:3001/__cypress/tests?p=cypress/e2e/features/assignment_editing.feature:9255:48)
    at Object.fn (http://localhost:3001/__cypress/tests?p=cypress/e2e/features/assignment_editing.feature:10156:41)
    at runStepWithLogGroup (http://localhost:3001/__cypress/tests?p=cypress/e2e/features/assignment_editing.feature:9860:36)
    at Context.eval (http://localhost:3001/__cypress/tests?p=cypress/e2e/features/assignment_editing.feature:10153:60)]]></failure>
    </testcase>
    <testcase name="Assignment Editing and Updating Adding new file attachments to a published assignment" time="0.000" classname="Adding new file attachments to a published assignment">
      <failure message="Timed out retrying after 6050ms: `cy.click()` failed because this element is not visible:

`&lt;div data-testid=&quot;my-schedules-tab&quot;&gt;&lt;/div&gt;`

This element `&lt;div&gt;` is not visible because it has an effective width and height of: `1264 x 0` pixels.

Fix this problem, or use `{force: true}` to disable error checking.

https://on.cypress.io/element-cannot-be-interacted-with" type="CypressError"><![CDATA[CypressError: Timed out retrying after 6050ms: `cy.click()` failed because this element is not visible:

`<div data-testid="my-schedules-tab"></div>`

This element `<div>` is not visible because it has an effective width and height of: `1264 x 0` pixels.

Fix this problem, or use `{force: true}` to disable error checking.

https://on.cypress.io/element-cannot-be-interacted-with
    at runVisibilityCheck (http://localhost:3001/__cypress/runner/cypress_runner.js:144370:58)
    at Object.isStrictlyVisible (http://localhost:3001/__cypress/runner/cypress_runner.js:144384:10)
    at runAllChecks (http://localhost:3001/__cypress/runner/cypress_runner.js:112186:26)
    at retryActionability (http://localhost:3001/__cypress/runner/cypress_runner.js:112254:16)
    at tryCatcher (http://localhost:3001/__cypress/runner/cypress_runner.js:1807:23)
    at Promise.attempt.Promise.try (http://localhost:3001/__cypress/runner/cypress_runner.js:4315:29)
    at whenStable (http://localhost:3001/__cypress/runner/cypress_runner.js:143192:68)
    at <unknown> (http://localhost:3001/__cypress/runner/cypress_runner.js:143133:14)
    at tryCatcher (http://localhost:3001/__cypress/runner/cypress_runner.js:1807:23)
    at Promise._settlePromiseFromHandler (http://localhost:3001/__cypress/runner/cypress_runner.js:1519:31)
    at Promise._settlePromise (http://localhost:3001/__cypress/runner/cypress_runner.js:1576:18)
    at Promise._settlePromise0 (http://localhost:3001/__cypress/runner/cypress_runner.js:1621:10)
    at Promise._settlePromises (http://localhost:3001/__cypress/runner/cypress_runner.js:1701:18)
    at Promise._fulfill (http://localhost:3001/__cypress/runner/cypress_runner.js:1645:18)
    at <unknown> (http://localhost:3001/__cypress/runner/cypress_runner.js:5450:46)
From Your Spec Code:
    at Context.eval (http://localhost:3001/__cypress/tests?p=cypress/e2e/features/assignment_editing.feature:10745:52)
    at Registry.runStepDefininition (http://localhost:3001/__cypress/tests?p=cypress/e2e/features/assignment_editing.feature:9255:48)
    at Object.fn (http://localhost:3001/__cypress/tests?p=cypress/e2e/features/assignment_editing.feature:10156:41)
    at runStepWithLogGroup (http://localhost:3001/__cypress/tests?p=cypress/e2e/features/assignment_editing.feature:9860:36)
    at Context.eval (http://localhost:3001/__cypress/tests?p=cypress/e2e/features/assignment_editing.feature:10153:60)]]></failure>
    </testcase>
    <testcase name="Assignment Editing and Updating Removing grading criteria from a published assignment" time="0.000" classname="Removing grading criteria from a published assignment">
      <failure message="Timed out retrying after 6050ms: `cy.click()` failed because this element is not visible:

`&lt;div data-testid=&quot;my-schedules-tab&quot;&gt;&lt;/div&gt;`

This element `&lt;div&gt;` is not visible because it has an effective width and height of: `1264 x 0` pixels.

Fix this problem, or use `{force: true}` to disable error checking.

https://on.cypress.io/element-cannot-be-interacted-with" type="CypressError"><![CDATA[CypressError: Timed out retrying after 6050ms: `cy.click()` failed because this element is not visible:

`<div data-testid="my-schedules-tab"></div>`

This element `<div>` is not visible because it has an effective width and height of: `1264 x 0` pixels.

Fix this problem, or use `{force: true}` to disable error checking.

https://on.cypress.io/element-cannot-be-interacted-with
    at runVisibilityCheck (http://localhost:3001/__cypress/runner/cypress_runner.js:144370:58)
    at Object.isStrictlyVisible (http://localhost:3001/__cypress/runner/cypress_runner.js:144384:10)
    at runAllChecks (http://localhost:3001/__cypress/runner/cypress_runner.js:112186:26)
    at retryActionability (http://localhost:3001/__cypress/runner/cypress_runner.js:112254:16)
    at tryCatcher (http://localhost:3001/__cypress/runner/cypress_runner.js:1807:23)
    at Promise.attempt.Promise.try (http://localhost:3001/__cypress/runner/cypress_runner.js:4315:29)
    at whenStable (http://localhost:3001/__cypress/runner/cypress_runner.js:143192:68)
    at <unknown> (http://localhost:3001/__cypress/runner/cypress_runner.js:143133:14)
    at tryCatcher (http://localhost:3001/__cypress/runner/cypress_runner.js:1807:23)
    at Promise._settlePromiseFromHandler (http://localhost:3001/__cypress/runner/cypress_runner.js:1519:31)
    at Promise._settlePromise (http://localhost:3001/__cypress/runner/cypress_runner.js:1576:18)
    at Promise._settlePromise0 (http://localhost:3001/__cypress/runner/cypress_runner.js:1621:10)
    at Promise._settlePromises (http://localhost:3001/__cypress/runner/cypress_runner.js:1701:18)
    at Promise._fulfill (http://localhost:3001/__cypress/runner/cypress_runner.js:1645:18)
    at <unknown> (http://localhost:3001/__cypress/runner/cypress_runner.js:5450:46)
From Your Spec Code:
    at Context.eval (http://localhost:3001/__cypress/tests?p=cypress/e2e/features/assignment_editing.feature:10745:52)
    at Registry.runStepDefininition (http://localhost:3001/__cypress/tests?p=cypress/e2e/features/assignment_editing.feature:9255:48)
    at Object.fn (http://localhost:3001/__cypress/tests?p=cypress/e2e/features/assignment_editing.feature:10156:41)
    at runStepWithLogGroup (http://localhost:3001/__cypress/tests?p=cypress/e2e/features/assignment_editing.feature:9860:36)
    at Context.eval (http://localhost:3001/__cypress/tests?p=cypress/e2e/features/assignment_editing.feature:10153:60)]]></failure>
    </testcase>
  </testsuite>
</testsuites>