<?xml version="1.0" encoding="UTF-8"?>
<testsuites name="Mocha Tests" time="36.828" tests="5" failures="5">
  <testsuite name="Root Suite" timestamp="2025-05-03T16:17:38" tests="0" file="cypress/e2e/features/assignment_editing.feature" time="0.000" failures="0">
  </testsuite>
  <testsuite name="Assignment Editing and Updating" timestamp="2025-05-03T16:17:38" tests="5" time="36.792" failures="5">
    <testcase name="Assignment Editing and Updating Editing an unpublished assignment" time="0.000" classname="Editing an unpublished assignment">
      <failure message="Timed out retrying after 6000ms: expected &apos;http://localhost:3000/login&apos; to include &apos;/dashboard&apos;" type="AssertionError"><![CDATA[AssertionError: Timed out retrying after 6000ms: expected 'http://localhost:3000/login' to include '/dashboard'
    at Context.eval (http://localhost:3000/__cypress/tests?p=cypress/e2e/features/assignment_editing.feature:10711:18)
    at Registry.runStepDefininition (http://localhost:3000/__cypress/tests?p=cypress/e2e/features/assignment_editing.feature:9245:48)
    at Object.fn (http://localhost:3000/__cypress/tests?p=cypress/e2e/features/assignment_editing.feature:10146:41)
    at runStepWithLogGroup (http://localhost:3000/__cypress/tests?p=cypress/e2e/features/assignment_editing.feature:9850:36)
    at Context.eval (http://localhost:3000/__cypress/tests?p=cypress/e2e/features/assignment_editing.feature:10143:60)]]></failure>
    </testcase>
    <testcase name="Assignment Editing and Updating Making limited changes to a published assignment" time="0.000" classname="Making limited changes to a published assignment">
      <failure message="Timed out retrying after 6000ms: expected &apos;http://localhost:3000/login&apos; to include &apos;/dashboard&apos;" type="AssertionError"><![CDATA[AssertionError: Timed out retrying after 6000ms: expected 'http://localhost:3000/login' to include '/dashboard'
    at Context.eval (http://localhost:3000/__cypress/tests?p=cypress/e2e/features/assignment_editing.feature:10711:18)
    at Registry.runStepDefininition (http://localhost:3000/__cypress/tests?p=cypress/e2e/features/assignment_editing.feature:9245:48)
    at Object.fn (http://localhost:3000/__cypress/tests?p=cypress/e2e/features/assignment_editing.feature:10146:41)
    at runStepWithLogGroup (http://localhost:3000/__cypress/tests?p=cypress/e2e/features/assignment_editing.feature:9850:36)
    at Context.eval (http://localhost:3000/__cypress/tests?p=cypress/e2e/features/assignment_editing.feature:10143:60)]]></failure>
    </testcase>
    <testcase name="Assignment Editing and Updating Attempting to reduce deadline of an assignment with submissions" time="0.000" classname="Attempting to reduce deadline of an assignment with submissions">
      <failure message="Timed out retrying after 6000ms: expected &apos;http://localhost:3000/login&apos; to include &apos;/dashboard&apos;" type="AssertionError"><![CDATA[AssertionError: Timed out retrying after 6000ms: expected 'http://localhost:3000/login' to include '/dashboard'
    at Context.eval (http://localhost:3000/__cypress/tests?p=cypress/e2e/features/assignment_editing.feature:10711:18)
    at Registry.runStepDefininition (http://localhost:3000/__cypress/tests?p=cypress/e2e/features/assignment_editing.feature:9245:48)
    at Object.fn (http://localhost:3000/__cypress/tests?p=cypress/e2e/features/assignment_editing.feature:10146:41)
    at runStepWithLogGroup (http://localhost:3000/__cypress/tests?p=cypress/e2e/features/assignment_editing.feature:9850:36)
    at Context.eval (http://localhost:3000/__cypress/tests?p=cypress/e2e/features/assignment_editing.feature:10143:60)]]></failure>
    </testcase>
    <testcase name="Assignment Editing and Updating Adding new file attachments to a published assignment" time="0.000" classname="Adding new file attachments to a published assignment">
      <failure message="Timed out retrying after 6000ms: expected &apos;http://localhost:3000/login&apos; to include &apos;/dashboard&apos;" type="AssertionError"><![CDATA[AssertionError: Timed out retrying after 6000ms: expected 'http://localhost:3000/login' to include '/dashboard'
    at Context.eval (http://localhost:3000/__cypress/tests?p=cypress/e2e/features/assignment_editing.feature:10711:18)
    at Registry.runStepDefininition (http://localhost:3000/__cypress/tests?p=cypress/e2e/features/assignment_editing.feature:9245:48)
    at Object.fn (http://localhost:3000/__cypress/tests?p=cypress/e2e/features/assignment_editing.feature:10146:41)
    at runStepWithLogGroup (http://localhost:3000/__cypress/tests?p=cypress/e2e/features/assignment_editing.feature:9850:36)
    at Context.eval (http://localhost:3000/__cypress/tests?p=cypress/e2e/features/assignment_editing.feature:10143:60)]]></failure>
    </testcase>
    <testcase name="Assignment Editing and Updating Removing grading criteria from a published assignment" time="0.000" classname="Removing grading criteria from a published assignment">
      <failure message="Timed out retrying after 6000ms: expected &apos;http://localhost:3000/login&apos; to include &apos;/dashboard&apos;" type="AssertionError"><![CDATA[AssertionError: Timed out retrying after 6000ms: expected 'http://localhost:3000/login' to include '/dashboard'
    at Context.eval (http://localhost:3000/__cypress/tests?p=cypress/e2e/features/assignment_editing.feature:10711:18)
    at Registry.runStepDefininition (http://localhost:3000/__cypress/tests?p=cypress/e2e/features/assignment_editing.feature:9245:48)
    at Object.fn (http://localhost:3000/__cypress/tests?p=cypress/e2e/features/assignment_editing.feature:10146:41)
    at runStepWithLogGroup (http://localhost:3000/__cypress/tests?p=cypress/e2e/features/assignment_editing.feature:9850:36)
    at Context.eval (http://localhost:3000/__cypress/tests?p=cypress/e2e/features/assignment_editing.feature:10143:60)]]></failure>
    </testcase>
  </testsuite>
</testsuites>