<?xml version="1.0" encoding="UTF-8"?>
<testsuites name="Mocha Tests" time="87.475" tests="6" failures="6">
  <testsuite name="Root Suite" timestamp="2025-05-09T19:10:34" tests="0" file="cypress/e2e/features/assignment_submission.feature" time="0.000" failures="0">
  </testsuite>
  <testsuite name="Assignment Submission" timestamp="2025-05-09T19:10:39" tests="6" time="83.258" failures="6">
    <testcase name="Assignment Submission Successfully submitting an assignment before deadline" time="0.000" classname="Successfully submitting an assignment before deadline">
      <failure message="Multiple matching step definitions for: Student Sarah is enrolled in the &quot;Software Engineering&quot; schedule
 Student {word} is enrolled in the {string} schedule
 Student {word} is enrolled in the {string} schedule
 Student {word} is enrolled in the {string} schedule" type="Error"><![CDATA[Error: Multiple matching step definitions for: Student Sarah is enrolled in the "Software Engineering" schedule
 Student {word} is enrolled in the {string} schedule
 Student {word} is enrolled in the {string} schedule
 Student {word} is enrolled in the {string} schedule
    at Registry.resolveStepDefintion (http://localhost:3001/__cypress/tests?p=cypress/e2e/features/assignment_submission.feature:9235:19)
    at Registry.runStepDefininition (http://localhost:3001/__cypress/tests?p=cypress/e2e/features/assignment_submission.feature:9250:39)
    at Object.fn (http://localhost:3001/__cypress/tests?p=cypress/e2e/features/assignment_submission.feature:10156:41)
    at runStepWithLogGroup (http://localhost:3001/__cypress/tests?p=cypress/e2e/features/assignment_submission.feature:9860:36)
    at Context.eval (http://localhost:3001/__cypress/tests?p=cypress/e2e/features/assignment_submission.feature:10153:60)]]></failure>
    </testcase>
    <testcase name="Assignment Submission Saving a draft submission" time="0.000" classname="Saving a draft submission">
      <failure message="Multiple matching step definitions for: Student Sarah is enrolled in the &quot;Software Engineering&quot; schedule
 Student {word} is enrolled in the {string} schedule
 Student {word} is enrolled in the {string} schedule
 Student {word} is enrolled in the {string} schedule" type="Error"><![CDATA[Error: Multiple matching step definitions for: Student Sarah is enrolled in the "Software Engineering" schedule
 Student {word} is enrolled in the {string} schedule
 Student {word} is enrolled in the {string} schedule
 Student {word} is enrolled in the {string} schedule
    at Registry.resolveStepDefintion (http://localhost:3001/__cypress/tests?p=cypress/e2e/features/assignment_submission.feature:9235:19)
    at Registry.runStepDefininition (http://localhost:3001/__cypress/tests?p=cypress/e2e/features/assignment_submission.feature:9250:39)
    at Object.fn (http://localhost:3001/__cypress/tests?p=cypress/e2e/features/assignment_submission.feature:10156:41)
    at runStepWithLogGroup (http://localhost:3001/__cypress/tests?p=cypress/e2e/features/assignment_submission.feature:9860:36)
    at Context.eval (http://localhost:3001/__cypress/tests?p=cypress/e2e/features/assignment_submission.feature:10153:60)]]></failure>
    </testcase>
    <testcase name="Assignment Submission Editing and finalizing a draft submission" time="0.000" classname="Editing and finalizing a draft submission">
      <failure message="Multiple matching step definitions for: Student Sarah is enrolled in the &quot;Software Engineering&quot; schedule
 Student {word} is enrolled in the {string} schedule
 Student {word} is enrolled in the {string} schedule
 Student {word} is enrolled in the {string} schedule" type="Error"><![CDATA[Error: Multiple matching step definitions for: Student Sarah is enrolled in the "Software Engineering" schedule
 Student {word} is enrolled in the {string} schedule
 Student {word} is enrolled in the {string} schedule
 Student {word} is enrolled in the {string} schedule
    at Registry.resolveStepDefintion (http://localhost:3001/__cypress/tests?p=cypress/e2e/features/assignment_submission.feature:9235:19)
    at Registry.runStepDefininition (http://localhost:3001/__cypress/tests?p=cypress/e2e/features/assignment_submission.feature:9250:39)
    at Object.fn (http://localhost:3001/__cypress/tests?p=cypress/e2e/features/assignment_submission.feature:10156:41)
    at runStepWithLogGroup (http://localhost:3001/__cypress/tests?p=cypress/e2e/features/assignment_submission.feature:9860:36)
    at Context.eval (http://localhost:3001/__cypress/tests?p=cypress/e2e/features/assignment_submission.feature:10153:60)]]></failure>
    </testcase>
    <testcase name="Assignment Submission Attempting to submit after the deadline" time="0.000" classname="Attempting to submit after the deadline">
      <failure message="Multiple matching step definitions for: Student Sarah is enrolled in the &quot;Software Engineering&quot; schedule
 Student {word} is enrolled in the {string} schedule
 Student {word} is enrolled in the {string} schedule
 Student {word} is enrolled in the {string} schedule" type="Error"><![CDATA[Error: Multiple matching step definitions for: Student Sarah is enrolled in the "Software Engineering" schedule
 Student {word} is enrolled in the {string} schedule
 Student {word} is enrolled in the {string} schedule
 Student {word} is enrolled in the {string} schedule
    at Registry.resolveStepDefintion (http://localhost:3001/__cypress/tests?p=cypress/e2e/features/assignment_submission.feature:9235:19)
    at Registry.runStepDefininition (http://localhost:3001/__cypress/tests?p=cypress/e2e/features/assignment_submission.feature:9250:39)
    at Object.fn (http://localhost:3001/__cypress/tests?p=cypress/e2e/features/assignment_submission.feature:10156:41)
    at runStepWithLogGroup (http://localhost:3001/__cypress/tests?p=cypress/e2e/features/assignment_submission.feature:9860:36)
    at Context.eval (http://localhost:3001/__cypress/tests?p=cypress/e2e/features/assignment_submission.feature:10153:60)]]></failure>
    </testcase>
    <testcase name="Assignment Submission Viewing submission history" time="0.000" classname="Viewing submission history">
      <failure message="Multiple matching step definitions for: Student Sarah is enrolled in the &quot;Software Engineering&quot; schedule
 Student {word} is enrolled in the {string} schedule
 Student {word} is enrolled in the {string} schedule
 Student {word} is enrolled in the {string} schedule" type="Error"><![CDATA[Error: Multiple matching step definitions for: Student Sarah is enrolled in the "Software Engineering" schedule
 Student {word} is enrolled in the {string} schedule
 Student {word} is enrolled in the {string} schedule
 Student {word} is enrolled in the {string} schedule
    at Registry.resolveStepDefintion (http://localhost:3001/__cypress/tests?p=cypress/e2e/features/assignment_submission.feature:9235:19)
    at Registry.runStepDefininition (http://localhost:3001/__cypress/tests?p=cypress/e2e/features/assignment_submission.feature:9250:39)
    at Object.fn (http://localhost:3001/__cypress/tests?p=cypress/e2e/features/assignment_submission.feature:10156:41)
    at runStepWithLogGroup (http://localhost:3001/__cypress/tests?p=cypress/e2e/features/assignment_submission.feature:9860:36)
    at Context.eval (http://localhost:3001/__cypress/tests?p=cypress/e2e/features/assignment_submission.feature:10153:60)]]></failure>
    </testcase>
    <testcase name="Assignment Submission Submitting an assignment with large file attachments" time="0.000" classname="Submitting an assignment with large file attachments">
      <failure message="Multiple matching step definitions for: Student Sarah is enrolled in the &quot;Software Engineering&quot; schedule
 Student {word} is enrolled in the {string} schedule
 Student {word} is enrolled in the {string} schedule
 Student {word} is enrolled in the {string} schedule" type="Error"><![CDATA[Error: Multiple matching step definitions for: Student Sarah is enrolled in the "Software Engineering" schedule
 Student {word} is enrolled in the {string} schedule
 Student {word} is enrolled in the {string} schedule
 Student {word} is enrolled in the {string} schedule
    at Registry.resolveStepDefintion (http://localhost:3001/__cypress/tests?p=cypress/e2e/features/assignment_submission.feature:9235:19)
    at Registry.runStepDefininition (http://localhost:3001/__cypress/tests?p=cypress/e2e/features/assignment_submission.feature:9250:39)
    at Object.fn (http://localhost:3001/__cypress/tests?p=cypress/e2e/features/assignment_submission.feature:10156:41)
    at runStepWithLogGroup (http://localhost:3001/__cypress/tests?p=cypress/e2e/features/assignment_submission.feature:9860:36)
    at Context.eval (http://localhost:3001/__cypress/tests?p=cypress/e2e/features/assignment_submission.feature:10153:60)]]></failure>
    </testcase>
  </testsuite>
</testsuites>