<?xml version="1.0" encoding="UTF-8"?>
<testsuites name="Mocha Tests" time="26.345" tests="4" failures="4">
  <testsuite name="Root Suite" timestamp="2025-05-11T15:47:09" tests="0" file="cypress/e2e/features/schedule_enrollment.feature" time="0.000" failures="0">
  </testsuite>
  <testsuite name="Schedule Enrollment" timestamp="2025-05-11T15:47:09" tests="4" time="26.315" failures="4">
    <testcase name="Schedule Enrollment Successfully enroll in a schedule" time="0.000" classname="Successfully enroll in a schedule">
      <failure message="Timed out retrying after 6000ms: Expected to find element: `[data-testid=&quot;schedule-item&quot;]`, but never found it." type="AssertionError"><![CDATA[AssertionError: Timed out retrying after 6000ms: Expected to find element: `[data-testid="schedule-item"]`, but never found it.
    at Context.eval (http://localhost:3001/__cypress/tests?p=cypress/e2e/features/schedule_enrollment.feature:10735:12)
    at Registry.runStepDefininition (http://localhost:3001/__cypress/tests?p=cypress/e2e/features/schedule_enrollment.feature:9255:48)
    at Object.fn (http://localhost:3001/__cypress/tests?p=cypress/e2e/features/schedule_enrollment.feature:10156:41)
    at runStepWithLogGroup (http://localhost:3001/__cypress/tests?p=cypress/e2e/features/schedule_enrollment.feature:9860:36)
    at Context.eval (http://localhost:3001/__cypress/tests?p=cypress/e2e/features/schedule_enrollment.feature:10153:60)]]></failure>
    </testcase>
    <testcase name="Schedule Enrollment View enrolled schedules" time="0.000" classname="View enrolled schedules">
      <failure message="Timed out retrying after 6000ms: Expected to find element: `[data-testid=&quot;enroll-button&quot;]`, but never found it." type="AssertionError"><![CDATA[AssertionError: Timed out retrying after 6000ms: Expected to find element: `[data-testid="enroll-button"]`, but never found it.
    at Context.eval (http://localhost:3001/__cypress/tests?p=cypress/e2e/features/schedule_enrollment.feature:10763:12)
    at Registry.runStepDefininition (http://localhost:3001/__cypress/tests?p=cypress/e2e/features/schedule_enrollment.feature:9255:48)
    at Object.fn (http://localhost:3001/__cypress/tests?p=cypress/e2e/features/schedule_enrollment.feature:10156:41)
    at runStepWithLogGroup (http://localhost:3001/__cypress/tests?p=cypress/e2e/features/schedule_enrollment.feature:9860:36)
    at Context.eval (http://localhost:3001/__cypress/tests?p=cypress/e2e/features/schedule_enrollment.feature:10153:60)]]></failure>
    </testcase>
    <testcase name="Schedule Enrollment Attempt to enroll in a full schedule" time="0.000" classname="Attempt to enroll in a full schedule">
      <failure message="Timed out retrying after 6000ms: Expected to find element: `[data-testid=&quot;schedule-item&quot;]`, but never found it." type="AssertionError"><![CDATA[AssertionError: Timed out retrying after 6000ms: Expected to find element: `[data-testid="schedule-item"]`, but never found it.
    at Context.eval (http://localhost:3001/__cypress/tests?p=cypress/e2e/features/schedule_enrollment.feature:10781:12)
    at Registry.runStepDefininition (http://localhost:3001/__cypress/tests?p=cypress/e2e/features/schedule_enrollment.feature:9255:48)
    at Object.fn (http://localhost:3001/__cypress/tests?p=cypress/e2e/features/schedule_enrollment.feature:10156:41)
    at runStepWithLogGroup (http://localhost:3001/__cypress/tests?p=cypress/e2e/features/schedule_enrollment.feature:9860:36)
    at Context.eval (http://localhost:3001/__cypress/tests?p=cypress/e2e/features/schedule_enrollment.feature:10153:60)]]></failure>
    </testcase>
    <testcase name="Schedule Enrollment Attempt to enroll in a schedule that conflicts with another enrolled schedule" time="0.000" classname="Attempt to enroll in a schedule that conflicts with another enrolled schedule">
      <failure message="Timed out retrying after 6000ms: Expected to find element: `[data-testid=&quot;my-schedules-tab&quot;]`, but never found it." type="AssertionError"><![CDATA[AssertionError: Timed out retrying after 6000ms: Expected to find element: `[data-testid="my-schedules-tab"]`, but never found it.
    at Context.eval (http://localhost:3001/__cypress/tests?p=cypress/e2e/features/schedule_enrollment.feature:10807:12)
    at Registry.runStepDefininition (http://localhost:3001/__cypress/tests?p=cypress/e2e/features/schedule_enrollment.feature:9255:48)
    at Object.fn (http://localhost:3001/__cypress/tests?p=cypress/e2e/features/schedule_enrollment.feature:10156:41)
    at runStepWithLogGroup (http://localhost:3001/__cypress/tests?p=cypress/e2e/features/schedule_enrollment.feature:9860:36)
    at Context.eval (http://localhost:3001/__cypress/tests?p=cypress/e2e/features/schedule_enrollment.feature:10153:60)]]></failure>
    </testcase>
  </testsuite>
</testsuites>