<?xml version="1.0" encoding="UTF-8"?>
<testsuites name="Mocha Tests" time="38.567" tests="5" failures="5">
  <testsuite name="Root Suite" timestamp="2025-05-03T15:15:11" tests="0" file="cypress/e2e/features/assignment_creation.feature" time="0.000" failures="0">
  </testsuite>
  <testsuite name="Assignment Creation" timestamp="2025-05-03T15:15:11" tests="5" time="38.523" failures="5">
    <testcase name="Assignment Creation Successfully creating an assignment with required fields" time="0.000" classname="Successfully creating an assignment with required fields">
      <failure message="Timed out retrying after 6000ms: expected &apos;http://localhost:3000/login&apos; to include &apos;/dashboard&apos;" type="AssertionError"><![CDATA[AssertionError: Timed out retrying after 6000ms: expected 'http://localhost:3000/login' to include '/dashboard'
    at Context.eval (http://localhost:3000/__cypress/tests?p=cypress/e2e/features/assignment_creation.feature:10711:18)
    at Registry.runStepDefininition (http://localhost:3000/__cypress/tests?p=cypress/e2e/features/assignment_creation.feature:9245:48)
    at Object.fn (http://localhost:3000/__cypress/tests?p=cypress/e2e/features/assignment_creation.feature:10146:41)
    at runStepWithLogGroup (http://localhost:3000/__cypress/tests?p=cypress/e2e/features/assignment_creation.feature:9850:36)
    at Context.eval (http://localhost:3000/__cypress/tests?p=cypress/e2e/features/assignment_creation.feature:10143:60)]]></failure>
    </testcase>
    <testcase name="Assignment Creation Attempting to create an assignment without required fields" time="0.000" classname="Attempting to create an assignment without required fields">
      <failure message="Timed out retrying after 6000ms: expected &apos;http://localhost:3000/login&apos; to include &apos;/dashboard&apos;" type="AssertionError"><![CDATA[AssertionError: Timed out retrying after 6000ms: expected 'http://localhost:3000/login' to include '/dashboard'
    at Context.eval (http://localhost:3000/__cypress/tests?p=cypress/e2e/features/assignment_creation.feature:10711:18)
    at Registry.runStepDefininition (http://localhost:3000/__cypress/tests?p=cypress/e2e/features/assignment_creation.feature:9245:48)
    at Object.fn (http://localhost:3000/__cypress/tests?p=cypress/e2e/features/assignment_creation.feature:10146:41)
    at runStepWithLogGroup (http://localhost:3000/__cypress/tests?p=cypress/e2e/features/assignment_creation.feature:9850:36)
    at Context.eval (http://localhost:3000/__cypress/tests?p=cypress/e2e/features/assignment_creation.feature:10143:60)]]></failure>
    </testcase>
    <testcase name="Assignment Creation Creating an assignment with file attachments" time="0.000" classname="Creating an assignment with file attachments">
      <failure message="Timed out retrying after 6000ms: expected &apos;http://localhost:3000/login&apos; to include &apos;/dashboard&apos;" type="AssertionError"><![CDATA[AssertionError: Timed out retrying after 6000ms: expected 'http://localhost:3000/login' to include '/dashboard'
    at Context.eval (http://localhost:3000/__cypress/tests?p=cypress/e2e/features/assignment_creation.feature:10711:18)
    at Registry.runStepDefininition (http://localhost:3000/__cypress/tests?p=cypress/e2e/features/assignment_creation.feature:9245:48)
    at Object.fn (http://localhost:3000/__cypress/tests?p=cypress/e2e/features/assignment_creation.feature:10146:41)
    at runStepWithLogGroup (http://localhost:3000/__cypress/tests?p=cypress/e2e/features/assignment_creation.feature:9850:36)
    at Context.eval (http://localhost:3000/__cypress/tests?p=cypress/e2e/features/assignment_creation.feature:10143:60)]]></failure>
    </testcase>
    <testcase name="Assignment Creation Creating an assignment with a past due date" time="0.000" classname="Creating an assignment with a past due date">
      <failure message="Timed out retrying after 6000ms: expected &apos;http://localhost:3000/login&apos; to include &apos;/dashboard&apos;" type="AssertionError"><![CDATA[AssertionError: Timed out retrying after 6000ms: expected 'http://localhost:3000/login' to include '/dashboard'
    at Context.eval (http://localhost:3000/__cypress/tests?p=cypress/e2e/features/assignment_creation.feature:10711:18)
    at Registry.runStepDefininition (http://localhost:3000/__cypress/tests?p=cypress/e2e/features/assignment_creation.feature:9245:48)
    at Object.fn (http://localhost:3000/__cypress/tests?p=cypress/e2e/features/assignment_creation.feature:10146:41)
    at runStepWithLogGroup (http://localhost:3000/__cypress/tests?p=cypress/e2e/features/assignment_creation.feature:9850:36)
    at Context.eval (http://localhost:3000/__cypress/tests?p=cypress/e2e/features/assignment_creation.feature:10143:60)]]></failure>
    </testcase>
    <testcase name="Assignment Creation Creating an assignment with a very long description" time="0.000" classname="Creating an assignment with a very long description">
      <failure message="Timed out retrying after 6000ms: expected &apos;http://localhost:3000/login&apos; to include &apos;/dashboard&apos;" type="AssertionError"><![CDATA[AssertionError: Timed out retrying after 6000ms: expected 'http://localhost:3000/login' to include '/dashboard'
    at Context.eval (http://localhost:3000/__cypress/tests?p=cypress/e2e/features/assignment_creation.feature:10711:18)
    at Registry.runStepDefininition (http://localhost:3000/__cypress/tests?p=cypress/e2e/features/assignment_creation.feature:9245:48)
    at Object.fn (http://localhost:3000/__cypress/tests?p=cypress/e2e/features/assignment_creation.feature:10146:41)
    at runStepWithLogGroup (http://localhost:3000/__cypress/tests?p=cypress/e2e/features/assignment_creation.feature:9850:36)
    at Context.eval (http://localhost:3000/__cypress/tests?p=cypress/e2e/features/assignment_creation.feature:10143:60)]]></failure>
    </testcase>
  </testsuite>
</testsuites>