<?xml version="1.0" encoding="UTF-8"?>
<testsuites name="Mocha Tests" time="10.727" tests="5" failures="2">
  <testsuite name="Root Suite" timestamp="2025-05-11T14:45:44" tests="0" file="cypress/e2e/features/assignment_creation.feature" time="0.000" failures="0">
  </testsuite>
  <testsuite name="Assignment Creation" timestamp="2025-05-11T14:45:44" tests="5" time="10.695" failures="2">
    <testcase name="Assignment Creation Successfully creating an assignment with required fields" time="0.000" classname="Successfully creating an assignment with required fields">
      <failure message="Multiple matching step definitions for: Professor Thompson should see a success message
 Professor Thompson should see a success message
 Professor Thompson should see a success message" type="Error"><![CDATA[Error: Multiple matching step definitions for: Professor Thompson should see a success message
 Professor Thompson should see a success message
 Professor Thompson should see a success message
    at Registry.resolveStepDefintion (http://localhost:3001/__cypress/tests?p=cypress/e2e/features/assignment_creation.feature:9235:19)
    at Registry.runStepDefininition (http://localhost:3001/__cypress/tests?p=cypress/e2e/features/assignment_creation.feature:9250:39)
    at Object.fn (http://localhost:3001/__cypress/tests?p=cypress/e2e/features/assignment_creation.feature:10156:41)
    at runStepWithLogGroup (http://localhost:3001/__cypress/tests?p=cypress/e2e/features/assignment_creation.feature:9860:36)
    at Context.eval (http://localhost:3001/__cypress/tests?p=cypress/e2e/features/assignment_creation.feature:10153:60)]]></failure>
    </testcase>
    <testcase name="Assignment Creation Attempting to create an assignment without required fields" time="1.071" classname="Attempting to create an assignment without required fields">
    </testcase>
    <testcase name="Assignment Creation Creating an assignment with file attachments" time="1.086" classname="Creating an assignment with file attachments">
    </testcase>
    <testcase name="Assignment Creation Creating an assignment with a past due date" time="0.000" classname="Creating an assignment with a past due date">
      <failure message="expected true to be false" type="AssertionError"><![CDATA[AssertionError: expected true to be false
    at Context.eval (http://localhost:3001/__cypress/tests?p=cypress/e2e/features/assignment_creation.feature:10732:55)
    at Registry.runStepDefininition (http://localhost:3001/__cypress/tests?p=cypress/e2e/features/assignment_creation.feature:9255:48)
    at Object.fn (http://localhost:3001/__cypress/tests?p=cypress/e2e/features/assignment_creation.feature:10156:41)
    at runStepWithLogGroup (http://localhost:3001/__cypress/tests?p=cypress/e2e/features/assignment_creation.feature:9860:36)
    at Context.eval (http://localhost:3001/__cypress/tests?p=cypress/e2e/features/assignment_creation.feature:10153:60)

      + expected - actual:  failed to generate Mocha diff
]]></failure>
    </testcase>
    <testcase name="Assignment Creation Creating an assignment with a very long description" time="5.576" classname="Creating an assignment with a very long description">
    </testcase>
  </testsuite>
</testsuites>