<?xml version="1.0" encoding="UTF-8"?>
<testsuites name="Mocha Tests" time="52.027" tests="5" failures="1">
  <testsuite name="Root Suite" timestamp="2025-05-11T21:21:50" tests="0" file="cypress/e2e/features/assignment_editing.feature" time="0.000" failures="0">
  </testsuite>
  <testsuite name="Assignment Editing and Updating" timestamp="2025-05-11T21:21:50" tests="5" time="51.916" failures="1">
    <testcase name="Assignment Editing and Updating Editing an unpublished assignment" time="0.000" classname="Editing an unpublished assignment">
      <failure message="expected undefined to be true" type="AssertionError"><![CDATA[AssertionError: expected undefined to be true
    at Context.eval (http://localhost:3001/__cypress/tests?p=cypress/e2e/features/assignment_editing.feature:11390:55)
    at Registry.runStepDefininition (http://localhost:3001/__cypress/tests?p=cypress/e2e/features/assignment_editing.feature:9255:48)
    at Object.fn (http://localhost:3001/__cypress/tests?p=cypress/e2e/features/assignment_editing.feature:10156:41)
    at runStepWithLogGroup (http://localhost:3001/__cypress/tests?p=cypress/e2e/features/assignment_editing.feature:9860:36)
    at Context.eval (http://localhost:3001/__cypress/tests?p=cypress/e2e/features/assignment_editing.feature:10153:60)

      + expected - actual:  failed to generate Mocha diff
]]></failure>
    </testcase>
    <testcase name="Assignment Editing and Updating Making limited changes to a published assignment" time="5.445" classname="Making limited changes to a published assignment">
    </testcase>
    <testcase name="Assignment Editing and Updating Attempting to reduce deadline of an assignment with submissions" time="5.364" classname="Attempting to reduce deadline of an assignment with submissions">
    </testcase>
    <testcase name="Assignment Editing and Updating Adding new file attachments to a published assignment" time="5.377" classname="Adding new file attachments to a published assignment">
    </testcase>
    <testcase name="Assignment Editing and Updating Removing grading criteria from a published assignment" time="5.398" classname="Removing grading criteria from a published assignment">
    </testcase>
  </testsuite>
</testsuites>