<?xml version="1.0" encoding="UTF-8"?>
<testsuites name="Mocha Tests" time="1.450" tests="6" failures="6">
  <testsuite name="Root Suite" timestamp="2025-05-03T15:09:44" tests="0" file="cypress/e2e/features/assignment_grading.feature" time="0.000" failures="0">
  </testsuite>
  <testsuite name="Assignment Grading and Feedback" timestamp="2025-05-03T15:09:44" tests="6" time="1.414" failures="6">
    <testcase name="Assignment Grading and Feedback Viewing all submissions for an assignment" time="0.000" classname="Viewing all submissions for an assignment">
      <failure message="`cy.visit()` failed trying to load:

http://localhost:8000/login

The response we received from your web server was:

  &gt; 404: Not Found

This was considered a failure because the status code was not `2xx`.

If you do not want status codes to cause failures pass the option: `failOnStatusCode: false`" type="CypressError"><![CDATA[CypressError: `cy.visit()` failed trying to load:

http://localhost:8000/login

The response we received from your web server was:

  > 404: Not Found

This was considered a failure because the status code was not `2xx`.

If you do not want status codes to cause failures pass the option: `failOnStatusCode: false`
    at <unknown> (http://localhost:8000/__cypress/runner/cypress_runner.js:130296:76)
    at visitFailedByErr (http://localhost:8000/__cypress/runner/cypress_runner.js:129704:12)
    at <unknown> (http://localhost:8000/__cypress/runner/cypress_runner.js:130279:13)
    at tryCatcher (http://localhost:8000/__cypress/runner/cypress_runner.js:1807:23)
    at Promise._settlePromiseFromHandler (http://localhost:8000/__cypress/runner/cypress_runner.js:1519:31)
    at Promise._settlePromise (http://localhost:8000/__cypress/runner/cypress_runner.js:1576:18)
    at Promise._settlePromise0 (http://localhost:8000/__cypress/runner/cypress_runner.js:1621:10)
    at Promise._settlePromises (http://localhost:8000/__cypress/runner/cypress_runner.js:1697:18)
    at _drainQueueStep (http://localhost:8000/__cypress/runner/cypress_runner.js:2407:12)
    at _drainQueue (http://localhost:8000/__cypress/runner/cypress_runner.js:2400:9)
    at Async._drainQueues (http://localhost:8000/__cypress/runner/cypress_runner.js:2416:5)
    at Async.drainQueues (http://localhost:8000/__cypress/runner/cypress_runner.js:2286:14)
From Your Spec Code:
    at Context.eval (http://localhost:8000/__cypress/tests?p=cypress/e2e/features/assignment_grading.feature:10707:12)
    at Registry.runStepDefininition (http://localhost:8000/__cypress/tests?p=cypress/e2e/features/assignment_grading.feature:9245:48)
    at Object.fn (http://localhost:8000/__cypress/tests?p=cypress/e2e/features/assignment_grading.feature:10146:41)
    at runStepWithLogGroup (http://localhost:8000/__cypress/tests?p=cypress/e2e/features/assignment_grading.feature:9850:36)
    at Context.eval (http://localhost:8000/__cypress/tests?p=cypress/e2e/features/assignment_grading.feature:10143:60)]]></failure>
    </testcase>
    <testcase name="Assignment Grading and Feedback Grading a submission with full score" time="0.000" classname="Grading a submission with full score">
      <failure message="`cy.visit()` failed trying to load:

http://localhost:8000/login

The response we received from your web server was:

  &gt; 404: Not Found

This was considered a failure because the status code was not `2xx`.

If you do not want status codes to cause failures pass the option: `failOnStatusCode: false`" type="CypressError"><![CDATA[CypressError: `cy.visit()` failed trying to load:

http://localhost:8000/login

The response we received from your web server was:

  > 404: Not Found

This was considered a failure because the status code was not `2xx`.

If you do not want status codes to cause failures pass the option: `failOnStatusCode: false`
    at <unknown> (http://localhost:8000/__cypress/runner/cypress_runner.js:130296:76)
    at visitFailedByErr (http://localhost:8000/__cypress/runner/cypress_runner.js:129704:12)
    at <unknown> (http://localhost:8000/__cypress/runner/cypress_runner.js:130279:13)
    at tryCatcher (http://localhost:8000/__cypress/runner/cypress_runner.js:1807:23)
    at Promise._settlePromiseFromHandler (http://localhost:8000/__cypress/runner/cypress_runner.js:1519:31)
    at Promise._settlePromise (http://localhost:8000/__cypress/runner/cypress_runner.js:1576:18)
    at Promise._settlePromise0 (http://localhost:8000/__cypress/runner/cypress_runner.js:1621:10)
    at Promise._settlePromises (http://localhost:8000/__cypress/runner/cypress_runner.js:1697:18)
    at _drainQueueStep (http://localhost:8000/__cypress/runner/cypress_runner.js:2407:12)
    at _drainQueue (http://localhost:8000/__cypress/runner/cypress_runner.js:2400:9)
    at Async._drainQueues (http://localhost:8000/__cypress/runner/cypress_runner.js:2416:5)
    at Async.drainQueues (http://localhost:8000/__cypress/runner/cypress_runner.js:2286:14)
From Your Spec Code:
    at Context.eval (http://localhost:8000/__cypress/tests?p=cypress/e2e/features/assignment_grading.feature:10707:12)
    at Registry.runStepDefininition (http://localhost:8000/__cypress/tests?p=cypress/e2e/features/assignment_grading.feature:9245:48)
    at Object.fn (http://localhost:8000/__cypress/tests?p=cypress/e2e/features/assignment_grading.feature:10146:41)
    at runStepWithLogGroup (http://localhost:8000/__cypress/tests?p=cypress/e2e/features/assignment_grading.feature:9850:36)
    at Context.eval (http://localhost:8000/__cypress/tests?p=cypress/e2e/features/assignment_grading.feature:10143:60)]]></failure>
    </testcase>
    <testcase name="Assignment Grading and Feedback Grading a submission with partial score" time="0.000" classname="Grading a submission with partial score">
      <failure message="`cy.visit()` failed trying to load:

http://localhost:8000/login

The response we received from your web server was:

  &gt; 404: Not Found

This was considered a failure because the status code was not `2xx`.

If you do not want status codes to cause failures pass the option: `failOnStatusCode: false`" type="CypressError"><![CDATA[CypressError: `cy.visit()` failed trying to load:

http://localhost:8000/login

The response we received from your web server was:

  > 404: Not Found

This was considered a failure because the status code was not `2xx`.

If you do not want status codes to cause failures pass the option: `failOnStatusCode: false`
    at <unknown> (http://localhost:8000/__cypress/runner/cypress_runner.js:130296:76)
    at visitFailedByErr (http://localhost:8000/__cypress/runner/cypress_runner.js:129704:12)
    at <unknown> (http://localhost:8000/__cypress/runner/cypress_runner.js:130279:13)
    at tryCatcher (http://localhost:8000/__cypress/runner/cypress_runner.js:1807:23)
    at Promise._settlePromiseFromHandler (http://localhost:8000/__cypress/runner/cypress_runner.js:1519:31)
    at Promise._settlePromise (http://localhost:8000/__cypress/runner/cypress_runner.js:1576:18)
    at Promise._settlePromise0 (http://localhost:8000/__cypress/runner/cypress_runner.js:1621:10)
    at Promise._settlePromises (http://localhost:8000/__cypress/runner/cypress_runner.js:1697:18)
    at _drainQueueStep (http://localhost:8000/__cypress/runner/cypress_runner.js:2407:12)
    at _drainQueue (http://localhost:8000/__cypress/runner/cypress_runner.js:2400:9)
    at Async._drainQueues (http://localhost:8000/__cypress/runner/cypress_runner.js:2416:5)
    at Async.drainQueues (http://localhost:8000/__cypress/runner/cypress_runner.js:2286:14)
From Your Spec Code:
    at Context.eval (http://localhost:8000/__cypress/tests?p=cypress/e2e/features/assignment_grading.feature:10707:12)
    at Registry.runStepDefininition (http://localhost:8000/__cypress/tests?p=cypress/e2e/features/assignment_grading.feature:9245:48)
    at Object.fn (http://localhost:8000/__cypress/tests?p=cypress/e2e/features/assignment_grading.feature:10146:41)
    at runStepWithLogGroup (http://localhost:8000/__cypress/tests?p=cypress/e2e/features/assignment_grading.feature:9850:36)
    at Context.eval (http://localhost:8000/__cypress/tests?p=cypress/e2e/features/assignment_grading.feature:10143:60)]]></failure>
    </testcase>
    <testcase name="Assignment Grading and Feedback Grading using criteria breakdown" time="0.000" classname="Grading using criteria breakdown">
      <failure message="`cy.visit()` failed trying to load:

http://localhost:8000/login

The response we received from your web server was:

  &gt; 404: Not Found

This was considered a failure because the status code was not `2xx`.

If you do not want status codes to cause failures pass the option: `failOnStatusCode: false`" type="CypressError"><![CDATA[CypressError: `cy.visit()` failed trying to load:

http://localhost:8000/login

The response we received from your web server was:

  > 404: Not Found

This was considered a failure because the status code was not `2xx`.

If you do not want status codes to cause failures pass the option: `failOnStatusCode: false`
    at <unknown> (http://localhost:8000/__cypress/runner/cypress_runner.js:130296:76)
    at visitFailedByErr (http://localhost:8000/__cypress/runner/cypress_runner.js:129704:12)
    at <unknown> (http://localhost:8000/__cypress/runner/cypress_runner.js:130279:13)
    at tryCatcher (http://localhost:8000/__cypress/runner/cypress_runner.js:1807:23)
    at Promise._settlePromiseFromHandler (http://localhost:8000/__cypress/runner/cypress_runner.js:1519:31)
    at Promise._settlePromise (http://localhost:8000/__cypress/runner/cypress_runner.js:1576:18)
    at Promise._settlePromise0 (http://localhost:8000/__cypress/runner/cypress_runner.js:1621:10)
    at Promise._settlePromises (http://localhost:8000/__cypress/runner/cypress_runner.js:1697:18)
    at _drainQueueStep (http://localhost:8000/__cypress/runner/cypress_runner.js:2407:12)
    at _drainQueue (http://localhost:8000/__cypress/runner/cypress_runner.js:2400:9)
    at Async._drainQueues (http://localhost:8000/__cypress/runner/cypress_runner.js:2416:5)
    at Async.drainQueues (http://localhost:8000/__cypress/runner/cypress_runner.js:2286:14)
From Your Spec Code:
    at Context.eval (http://localhost:8000/__cypress/tests?p=cypress/e2e/features/assignment_grading.feature:10707:12)
    at Registry.runStepDefininition (http://localhost:8000/__cypress/tests?p=cypress/e2e/features/assignment_grading.feature:9245:48)
    at Object.fn (http://localhost:8000/__cypress/tests?p=cypress/e2e/features/assignment_grading.feature:10146:41)
    at runStepWithLogGroup (http://localhost:8000/__cypress/tests?p=cypress/e2e/features/assignment_grading.feature:9850:36)
    at Context.eval (http://localhost:8000/__cypress/tests?p=cypress/e2e/features/assignment_grading.feature:10143:60)]]></failure>
    </testcase>
    <testcase name="Assignment Grading and Feedback Updating a grade after review" time="0.000" classname="Updating a grade after review">
      <failure message="`cy.visit()` failed trying to load:

http://localhost:8000/login

The response we received from your web server was:

  &gt; 404: Not Found

This was considered a failure because the status code was not `2xx`.

If you do not want status codes to cause failures pass the option: `failOnStatusCode: false`" type="CypressError"><![CDATA[CypressError: `cy.visit()` failed trying to load:

http://localhost:8000/login

The response we received from your web server was:

  > 404: Not Found

This was considered a failure because the status code was not `2xx`.

If you do not want status codes to cause failures pass the option: `failOnStatusCode: false`
    at <unknown> (http://localhost:8000/__cypress/runner/cypress_runner.js:130296:76)
    at visitFailedByErr (http://localhost:8000/__cypress/runner/cypress_runner.js:129704:12)
    at <unknown> (http://localhost:8000/__cypress/runner/cypress_runner.js:130279:13)
    at tryCatcher (http://localhost:8000/__cypress/runner/cypress_runner.js:1807:23)
    at Promise._settlePromiseFromHandler (http://localhost:8000/__cypress/runner/cypress_runner.js:1519:31)
    at Promise._settlePromise (http://localhost:8000/__cypress/runner/cypress_runner.js:1576:18)
    at Promise._settlePromise0 (http://localhost:8000/__cypress/runner/cypress_runner.js:1621:10)
    at Promise._settlePromises (http://localhost:8000/__cypress/runner/cypress_runner.js:1697:18)
    at _drainQueueStep (http://localhost:8000/__cypress/runner/cypress_runner.js:2407:12)
    at _drainQueue (http://localhost:8000/__cypress/runner/cypress_runner.js:2400:9)
    at Async._drainQueues (http://localhost:8000/__cypress/runner/cypress_runner.js:2416:5)
    at Async.drainQueues (http://localhost:8000/__cypress/runner/cypress_runner.js:2286:14)
From Your Spec Code:
    at Context.eval (http://localhost:8000/__cypress/tests?p=cypress/e2e/features/assignment_grading.feature:10707:12)
    at Registry.runStepDefininition (http://localhost:8000/__cypress/tests?p=cypress/e2e/features/assignment_grading.feature:9245:48)
    at Object.fn (http://localhost:8000/__cypress/tests?p=cypress/e2e/features/assignment_grading.feature:10146:41)
    at runStepWithLogGroup (http://localhost:8000/__cypress/tests?p=cypress/e2e/features/assignment_grading.feature:9850:36)
    at Context.eval (http://localhost:8000/__cypress/tests?p=cypress/e2e/features/assignment_grading.feature:10143:60)]]></failure>
    </testcase>
    <testcase name="Assignment Grading and Feedback Providing feedback without a grade" time="0.000" classname="Providing feedback without a grade">
      <failure message="`cy.visit()` failed trying to load:

http://localhost:8000/login

The response we received from your web server was:

  &gt; 404: Not Found

This was considered a failure because the status code was not `2xx`.

If you do not want status codes to cause failures pass the option: `failOnStatusCode: false`" type="CypressError"><![CDATA[CypressError: `cy.visit()` failed trying to load:

http://localhost:8000/login

The response we received from your web server was:

  > 404: Not Found

This was considered a failure because the status code was not `2xx`.

If you do not want status codes to cause failures pass the option: `failOnStatusCode: false`
    at <unknown> (http://localhost:8000/__cypress/runner/cypress_runner.js:130296:76)
    at visitFailedByErr (http://localhost:8000/__cypress/runner/cypress_runner.js:129704:12)
    at <unknown> (http://localhost:8000/__cypress/runner/cypress_runner.js:130279:13)
    at tryCatcher (http://localhost:8000/__cypress/runner/cypress_runner.js:1807:23)
    at Promise._settlePromiseFromHandler (http://localhost:8000/__cypress/runner/cypress_runner.js:1519:31)
    at Promise._settlePromise (http://localhost:8000/__cypress/runner/cypress_runner.js:1576:18)
    at Promise._settlePromise0 (http://localhost:8000/__cypress/runner/cypress_runner.js:1621:10)
    at Promise._settlePromises (http://localhost:8000/__cypress/runner/cypress_runner.js:1697:18)
    at _drainQueueStep (http://localhost:8000/__cypress/runner/cypress_runner.js:2407:12)
    at _drainQueue (http://localhost:8000/__cypress/runner/cypress_runner.js:2400:9)
    at Async._drainQueues (http://localhost:8000/__cypress/runner/cypress_runner.js:2416:5)
    at Async.drainQueues (http://localhost:8000/__cypress/runner/cypress_runner.js:2286:14)
From Your Spec Code:
    at Context.eval (http://localhost:8000/__cypress/tests?p=cypress/e2e/features/assignment_grading.feature:10707:12)
    at Registry.runStepDefininition (http://localhost:8000/__cypress/tests?p=cypress/e2e/features/assignment_grading.feature:9245:48)
    at Object.fn (http://localhost:8000/__cypress/tests?p=cypress/e2e/features/assignment_grading.feature:10146:41)
    at runStepWithLogGroup (http://localhost:8000/__cypress/tests?p=cypress/e2e/features/assignment_grading.feature:9850:36)
    at Context.eval (http://localhost:8000/__cypress/tests?p=cypress/e2e/features/assignment_grading.feature:10143:60)]]></failure>
    </testcase>
  </testsuite>
</testsuites>