<?xml version="1.0" encoding="UTF-8"?>
<testsuites name="Mocha Tests" time="6.900" tests="5" failures="5">
  <testsuite name="Root Suite" timestamp="2025-05-11T14:17:24" tests="0" file="cypress/e2e/features/assignment_creation.feature" time="0.000" failures="0">
  </testsuite>
  <testsuite name="Assignment Creation" timestamp="2025-05-11T14:17:24" tests="5" time="6.870" failures="5">
    <testcase name="Assignment Creation Successfully creating an assignment with required fields" time="0.000" classname="Successfully creating an assignment with required fields">
      <failure message="Multiple matching step definitions for: Professor Thompson clicks the &quot;Create Assignment&quot; button
 Professor Thompson clicks the {string} button
 Professor Thompson clicks the {string} button
 Professor Thompson clicks the {string} button
 Professor Thompson clicks the {string} button" type="Error"><![CDATA[Error: Multiple matching step definitions for: Professor Thompson clicks the "Create Assignment" button
 Professor Thompson clicks the {string} button
 Professor Thompson clicks the {string} button
 Professor Thompson clicks the {string} button
 Professor Thompson clicks the {string} button
    at Registry.resolveStepDefintion (http://localhost:3001/__cypress/tests?p=cypress/e2e/features/assignment_creation.feature:9235:19)
    at Registry.runStepDefininition (http://localhost:3001/__cypress/tests?p=cypress/e2e/features/assignment_creation.feature:9250:39)
    at Object.fn (http://localhost:3001/__cypress/tests?p=cypress/e2e/features/assignment_creation.feature:10156:41)
    at runStepWithLogGroup (http://localhost:3001/__cypress/tests?p=cypress/e2e/features/assignment_creation.feature:9860:36)
    at Context.eval (http://localhost:3001/__cypress/tests?p=cypress/e2e/features/assignment_creation.feature:10153:60)]]></failure>
    </testcase>
    <testcase name="Assignment Creation Attempting to create an assignment without required fields" time="0.000" classname="Attempting to create an assignment without required fields">
      <failure message="Multiple matching step definitions for: Professor Thompson leaves the title field empty
 Professor Thompson leaves the title field empty
 Professor Thompson leaves the title field empty" type="Error"><![CDATA[Error: Multiple matching step definitions for: Professor Thompson leaves the title field empty
 Professor Thompson leaves the title field empty
 Professor Thompson leaves the title field empty
    at Registry.resolveStepDefintion (http://localhost:3001/__cypress/tests?p=cypress/e2e/features/assignment_creation.feature:9235:19)
    at Registry.runStepDefininition (http://localhost:3001/__cypress/tests?p=cypress/e2e/features/assignment_creation.feature:9250:39)
    at Object.fn (http://localhost:3001/__cypress/tests?p=cypress/e2e/features/assignment_creation.feature:10156:41)
    at runStepWithLogGroup (http://localhost:3001/__cypress/tests?p=cypress/e2e/features/assignment_creation.feature:9860:36)
    at Context.eval (http://localhost:3001/__cypress/tests?p=cypress/e2e/features/assignment_creation.feature:10153:60)]]></failure>
    </testcase>
    <testcase name="Assignment Creation Creating an assignment with file attachments" time="0.000" classname="Creating an assignment with file attachments">
      <failure message="Multiple matching step definitions for: Professor Thompson uploads &quot;schema_example.sql&quot; as an attachment
 Professor Thompson uploads {string} as an attachment
 Professor Thompson uploads {string} as an attachment" type="Error"><![CDATA[Error: Multiple matching step definitions for: Professor Thompson uploads "schema_example.sql" as an attachment
 Professor Thompson uploads {string} as an attachment
 Professor Thompson uploads {string} as an attachment
    at Registry.resolveStepDefintion (http://localhost:3001/__cypress/tests?p=cypress/e2e/features/assignment_creation.feature:9235:19)
    at Registry.runStepDefininition (http://localhost:3001/__cypress/tests?p=cypress/e2e/features/assignment_creation.feature:9250:39)
    at Object.fn (http://localhost:3001/__cypress/tests?p=cypress/e2e/features/assignment_creation.feature:10156:41)
    at runStepWithLogGroup (http://localhost:3001/__cypress/tests?p=cypress/e2e/features/assignment_creation.feature:9860:36)
    at Context.eval (http://localhost:3001/__cypress/tests?p=cypress/e2e/features/assignment_creation.feature:10153:60)]]></failure>
    </testcase>
    <testcase name="Assignment Creation Creating an assignment with a past due date" time="0.000" classname="Creating an assignment with a past due date">
      <failure message="Multiple matching step definitions for: Professor Thompson clicks the &quot;Create Assignment&quot; button
 Professor Thompson clicks the {string} button
 Professor Thompson clicks the {string} button
 Professor Thompson clicks the {string} button
 Professor Thompson clicks the {string} button" type="Error"><![CDATA[Error: Multiple matching step definitions for: Professor Thompson clicks the "Create Assignment" button
 Professor Thompson clicks the {string} button
 Professor Thompson clicks the {string} button
 Professor Thompson clicks the {string} button
 Professor Thompson clicks the {string} button
    at Registry.resolveStepDefintion (http://localhost:3001/__cypress/tests?p=cypress/e2e/features/assignment_creation.feature:9235:19)
    at Registry.runStepDefininition (http://localhost:3001/__cypress/tests?p=cypress/e2e/features/assignment_creation.feature:9250:39)
    at Object.fn (http://localhost:3001/__cypress/tests?p=cypress/e2e/features/assignment_creation.feature:10156:41)
    at runStepWithLogGroup (http://localhost:3001/__cypress/tests?p=cypress/e2e/features/assignment_creation.feature:9860:36)
    at Context.eval (http://localhost:3001/__cypress/tests?p=cypress/e2e/features/assignment_creation.feature:10153:60)]]></failure>
    </testcase>
    <testcase name="Assignment Creation Creating an assignment with a very long description" time="0.000" classname="Creating an assignment with a very long description">
      <failure message="Multiple matching step definitions for: Professor Thompson clicks the &quot;Create Assignment&quot; button
 Professor Thompson clicks the {string} button
 Professor Thompson clicks the {string} button
 Professor Thompson clicks the {string} button
 Professor Thompson clicks the {string} button" type="Error"><![CDATA[Error: Multiple matching step definitions for: Professor Thompson clicks the "Create Assignment" button
 Professor Thompson clicks the {string} button
 Professor Thompson clicks the {string} button
 Professor Thompson clicks the {string} button
 Professor Thompson clicks the {string} button
    at Registry.resolveStepDefintion (http://localhost:3001/__cypress/tests?p=cypress/e2e/features/assignment_creation.feature:9235:19)
    at Registry.runStepDefininition (http://localhost:3001/__cypress/tests?p=cypress/e2e/features/assignment_creation.feature:9250:39)
    at Object.fn (http://localhost:3001/__cypress/tests?p=cypress/e2e/features/assignment_creation.feature:10156:41)
    at runStepWithLogGroup (http://localhost:3001/__cypress/tests?p=cypress/e2e/features/assignment_creation.feature:9860:36)
    at Context.eval (http://localhost:3001/__cypress/tests?p=cypress/e2e/features/assignment_creation.feature:10153:60)]]></failure>
    </testcase>
  </testsuite>
</testsuites>